This is pdfTeX, Version 3.141592-1.40.3 (Web2C 7.5.6) (format=pdflatex 2010.2.2)  23 JUN 2010 16:31
entering extended mode
**CECSposter.tex
(./CECSposter.tex
LaTeX2e <2005/12/01>
Babel <v3.8h> and hyphenation patterns for english, usenglishmax, dumylang, noh
yphenation, arabic, basque, bulgarian, coptic, welsh, czech, slovak, german, ng
erman, danish, esperanto, spanish, catalan, galician, estonian, farsi, finnish,
 french, greek, monogreek, ancientgreek, croatian, hungarian, interlingua, ibyc
us, indonesian, icelandic, italian, latin, mongolian, dutch, norsk, polish, por
tuguese, pinyin, romanian, russian, slovenian, uppersorbian, serbian, swedish, 
turkish, ukenglish, ukrainian, loaded.
(./a0poster.cls
Document Class: a0poster 2004/01/31 v1.22b a0poster class (GK, MW)
(/opt/local/share/texmf-dist/tex/latex/base/article.cls
Document Class: article 2005/09/16 v1.4f Standard LaTeX document class
(/opt/local/share/texmf-dist/tex/latex/base/size10.clo
File: size10.clo 2005/09/16 v1.4f Standard LaTeX file (size option)
)
\c@part=\count79
\c@section=\count80
\c@subsection=\count81
\c@subsubsection=\count82
\c@paragraph=\count83
\c@subparagraph=\count84
\c@figure=\count85
\c@table=\count86
\abovecaptionskip=\skip41
\belowcaptionskip=\skip42
\bibindent=\dimen102
)
\xkoord=\count87
\ykoord=\count88
\xscale=\count89
\yscale=\count90
\Ausgabe=\write3
\openout3 = `a0header.ps'.

 (./a0size.sty
File: a0size.sty 2004/01/31 v1.22b a0poster class (GK, MW)
LaTeX Font Info:    Redeclaring symbol font `largesymbols' on input line 229.
LaTeX Font Info:    Overwriting symbol font `largesymbols' in version `normal'
(Font)                  OMX/cmex/m/n --> OMX/cmex/m/n on input line 229.
LaTeX Font Info:    Overwriting symbol font `largesymbols' in version `bold'
(Font)                  OMX/cmex/m/n --> OMX/cmex/m/n on input line 229.
\big@size=\dimen103
))
(./CECSposter.sty
Package: CECSposter 
 (/opt/local/share/texmf-dist/tex/latex/xcolor/xcolor.sty
Package: xcolor 2007/01/21 v2.11 LaTeX color extensions (UK)

(/opt/local/share/texmf/tex/latex/config/color.cfg
File: color.cfg 2007/01/18 v1.5 color configuration of teTeX/TeXLive
)
Package xcolor Info: Driver file: pdftex.def on input line 225.

(/opt/local/share/texmf-dist/tex/latex/pdftex-def/pdftex.def
File: pdftex.def 2007/01/08 v0.04d Graphics/color for pdfTeX
\Gread@gobject=\count91
)
Package xcolor Info: Model `cmy' substituted by `cmy0' on input line 1337.
Package xcolor Info: Model `hsb' substituted by `rgb' on input line 1341.
Package xcolor Info: Model `RGB' extended on input line 1353.
Package xcolor Info: Model `HTML' substituted by `rgb' on input line 1355.
Package xcolor Info: Model `Hsb' substituted by `hsb' on input line 1356.
Package xcolor Info: Model `tHsb' substituted by `hsb' on input line 1357.
Package xcolor Info: Model `HSB' substituted by `hsb' on input line 1358.
Package xcolor Info: Model `Gray' substituted by `gray' on input line 1359.
Package xcolor Info: Model `wave' substituted by `hsb' on input line 1360.

(/opt/local/share/texmf-dist/tex/latex/graphics/dvipsnam.def
File: dvipsnam.def 1999/02/16 v3.0i Driver-dependant file (DPC,SPQR)
)))
(/opt/local/share/texmf-dist/tex/latex/graphics/graphicx.sty
Package: graphicx 1999/02/16 v1.0f Enhanced LaTeX Graphics (DPC,SPQR)

(/opt/local/share/texmf-dist/tex/latex/graphics/keyval.sty
Package: keyval 1999/03/16 v1.13 key=value parser (DPC)
\KV@toks@=\toks14
)
(/opt/local/share/texmf-dist/tex/latex/graphics/graphics.sty
Package: graphics 2006/02/20 v1.0o Standard LaTeX Graphics (DPC,SPQR)

(/opt/local/share/texmf-dist/tex/latex/graphics/trig.sty
Package: trig 1999/03/16 v1.09 sin cos tan (DPC)
)
(/opt/local/share/texmf/tex/latex/config/graphics.cfg
File: graphics.cfg 2007/01/18 v1.5 graphics configuration of teTeX/TeXLive
)
Package graphics Info: Driver file: pdftex.def on input line 90.
)
\Gin@req@height=\dimen104
\Gin@req@width=\dimen105
) (./flowfram.sty
Package: flowfram 2008/06/27 v1.11

(/opt/local/share/texmf-dist/tex/latex/base/ifthen.sty
Package: ifthen 2001/05/26 v1.1c Standard LaTeX ifthen package (DPC)
)
(/opt/local/share/texmf-dist/tex/latex/tools/afterpage.sty
Package: afterpage 1995/10/27 v1.08 After-Page Package (DPC)
\AP@output=\toks15
\AP@partial=\box26
\AP@footins=\box27
)
\fflabelsep=\skip43
\c@maxflow=\count92
\c@thisframe=\count93
\c@displayedframe=\count94
\c@maxstatic=\count95
\c@maxdynamic=\count96
\@colN=\count97
\@ff@tmpN=\count98
\ff@id=\count99
\@ff@offset=\skip44
\@ff@tmp@x=\skip45
\@ff@tmp@x@even=\skip46
\@ff@tmp@y=\skip47
\sdfparindent=\skip48
\flowframesep=\skip49
\flowframerule=\skip50
\staticframe=\box28
\@dynamictok=\toks16
\flf@ta=\toks17
\flf@tb=\toks18
\ffareawidth=\skip51
\ffareaheight=\skip52
\ffareax=\skip53
\ffareay=\skip54
\c@ffrangenum=\count100
\c@curpg=\count101
\ffevenoffset=\skip55
\@nxtcol=\count102
\columnheight=\skip56
\vcolumnsep=\skip57
\@ff@staticH=\skip58
\@ff@adjh=\count103
\@ff@staticW=\skip59
\@thisstrip=\count104
\ffcolumnseprule=\skip60
\@ff@left@x=\skip61
\@ff@left@y=\skip62
\@ff@left@evenx=\skip63
\@ff@left@eveny=\skip64
\@ff@left@width=\skip65
\@ff@left@height=\skip66
\c@maxthumbtabs=\count105
\thumbtabwidth=\skip67
\@greyscale=\count106
\c@maxtocunits=\count107
\c@maxminitoc=\count108
\@ttb@level=\count109
\@ttb@minitoclevel=\count110
\beforeminitocskip=\skip68
\afterminitocskip=\skip69
\c@minitoc=\count111
) (./winfonts.sty
Package: winfonts 2006/01/13 v1.0 winfonts (Math Design Project)

(/opt/local/share/texmf-dist/tex/latex/base/textcomp.sty
Package: textcomp 2005/09/27 v1.99g Standard LaTeX package
Package textcomp Info: Sub-encoding information:
(textcomp)               5 = only ISO-Adobe without \textcurrency
(textcomp)               4 = 5 + \texteuro
(textcomp)               3 = 4 + \textohm
(textcomp)               2 = 3 + \textestimated + \textcurrency
(textcomp)               1 = TS1 - \textcircled - \t
(textcomp)               0 = TS1 (full)
(textcomp)             Font families with sub-encoding setting implement
(textcomp)             only a restricted character set as indicated.
(textcomp)             Family '?' is the default used for unknown fonts.
(textcomp)             See the documentation for details.
Package textcomp Info: Setting ? sub-encoding to TS1/1 on input line 71.

(/opt/local/share/texmf-dist/tex/latex/base/ts1enc.def
File: ts1enc.def 2001/06/05 v3.0e (jk/car/fm) Standard LaTeX file
)
LaTeX Info: Redefining \oldstylenums on input line 266.
Package textcomp Info: Setting cmr sub-encoding to TS1/0 on input line 281.
Package textcomp Info: Setting cmss sub-encoding to TS1/0 on input line 282.
Package textcomp Info: Setting cmtt sub-encoding to TS1/0 on input line 283.
Package textcomp Info: Setting cmvtt sub-encoding to TS1/0 on input line 284.
Package textcomp Info: Setting cmbr sub-encoding to TS1/0 on input line 285.
Package textcomp Info: Setting cmtl sub-encoding to TS1/0 on input line 286.
Package textcomp Info: Setting ccr sub-encoding to TS1/0 on input line 287.
Package textcomp Info: Setting ptm sub-encoding to TS1/4 on input line 288.
Package textcomp Info: Setting pcr sub-encoding to TS1/4 on input line 289.
Package textcomp Info: Setting phv sub-encoding to TS1/4 on input line 290.
Package textcomp Info: Setting ppl sub-encoding to TS1/3 on input line 291.
Package textcomp Info: Setting pag sub-encoding to TS1/4 on input line 292.
Package textcomp Info: Setting pbk sub-encoding to TS1/4 on input line 293.
Package textcomp Info: Setting pnc sub-encoding to TS1/4 on input line 294.
Package textcomp Info: Setting pzc sub-encoding to TS1/4 on input line 295.
Package textcomp Info: Setting bch sub-encoding to TS1/4 on input line 296.
Package textcomp Info: Setting put sub-encoding to TS1/5 on input line 297.
Package textcomp Info: Setting uag sub-encoding to TS1/5 on input line 298.
Package textcomp Info: Setting ugq sub-encoding to TS1/5 on input line 299.
Package textcomp Info: Setting ul8 sub-encoding to TS1/4 on input line 300.
Package textcomp Info: Setting ul9 sub-encoding to TS1/4 on input line 301.
Package textcomp Info: Setting augie sub-encoding to TS1/5 on input line 302.
Package textcomp Info: Setting dayrom sub-encoding to TS1/3 on input line 303.
Package textcomp Info: Setting dayroms sub-encoding to TS1/3 on input line 304.

Package textcomp Info: Setting pxr sub-encoding to TS1/0 on input line 305.
Package textcomp Info: Setting pxss sub-encoding to TS1/0 on input line 306.
Package textcomp Info: Setting pxtt sub-encoding to TS1/0 on input line 307.
Package textcomp Info: Setting txr sub-encoding to TS1/0 on input line 308.
Package textcomp Info: Setting txss sub-encoding to TS1/0 on input line 309.
Package textcomp Info: Setting txtt sub-encoding to TS1/0 on input line 310.
Package textcomp Info: Setting futs sub-encoding to TS1/4 on input line 311.
Package textcomp Info: Setting futx sub-encoding to TS1/4 on input line 312.
Package textcomp Info: Setting futj sub-encoding to TS1/4 on input line 313.
Package textcomp Info: Setting hlh sub-encoding to TS1/3 on input line 314.
Package textcomp Info: Setting hls sub-encoding to TS1/3 on input line 315.
Package textcomp Info: Setting hlst sub-encoding to TS1/3 on input line 316.
Package textcomp Info: Setting hlct sub-encoding to TS1/5 on input line 317.
Package textcomp Info: Setting hlx sub-encoding to TS1/5 on input line 318.
Package textcomp Info: Setting hlce sub-encoding to TS1/5 on input line 319.
Package textcomp Info: Setting hlcn sub-encoding to TS1/5 on input line 320.
Package textcomp Info: Setting hlcw sub-encoding to TS1/5 on input line 321.
Package textcomp Info: Setting hlcf sub-encoding to TS1/5 on input line 322.
Package textcomp Info: Setting pplx sub-encoding to TS1/3 on input line 323.
Package textcomp Info: Setting pplj sub-encoding to TS1/3 on input line 324.
Package textcomp Info: Setting ptmx sub-encoding to TS1/4 on input line 325.
Package textcomp Info: Setting ptmj sub-encoding to TS1/4 on input line 326.
)){/opt/local/share/texmf/fonts/map/pdftex/updmap/pdftex.map}{winfonts.map}
(/opt/local/share/texmf-dist/tex/latex/base/fontenc.sty
Package: fontenc 2005/09/27 v1.99g Standard LaTeX package

(/opt/local/share/texmf-dist/tex/latex/base/t1enc.def
File: t1enc.def 2005/09/27 v1.99g Standard LaTeX file
LaTeX Font Info:    Redeclaring font encoding T1 on input line 43.
))
\@staticframe@i=\box29
\@sf@i@posx=\skip70
\@sf@i@posy=\skip71
\@sf@i@evenx=\skip72
\@sf@i@eveny=\skip73
\@staticframe@ii=\box30
\@sf@ii@posx=\skip74
\@sf@ii@posy=\skip75
\@sf@ii@evenx=\skip76
\@sf@ii@eveny=\skip77
\columni=\box31
\colwidthi=\skip78
\colheighti=\skip79
\col@i@posx=\skip80
\col@i@posy=\skip81
\col@i@evenx=\skip82
\col@i@eveny=\skip83
\columnii=\box32
\colwidthii=\skip84
\colheightii=\skip85
\col@ii@posx=\skip86
\col@ii@posy=\skip87
\col@ii@evenx=\skip88
\col@ii@eveny=\skip89
\columniii=\box33
\colwidthiii=\skip90
\colheightiii=\skip91
\col@iii@posx=\skip92
\col@iii@posy=\skip93
\col@iii@evenx=\skip94
\col@iii@eveny=\skip95
\columniv=\box34
\colwidthiv=\skip96
\colheightiv=\skip97
\col@iv@posx=\skip98
\col@iv@posy=\skip99
\col@iv@evenx=\skip100
\col@iv@eveny=\skip101
\wideheight=\skip102
\offset=\skip103
\leftheight=\skip104
\logooffset=\skip105
\@staticframe@iii=\box35
\@sf@iii@posx=\skip106
\@sf@iii@posy=\skip107
\@sf@iii@evenx=\skip108
\@sf@iii@eveny=\skip109
 (./CECSposter.aux)
\openout1 = `CECSposter.aux'.

LaTeX Font Info:    Checking defaults for OML/cmm/m/it on input line 54.
LaTeX Font Info:    ... okay on input line 54.
LaTeX Font Info:    Checking defaults for T1/cmr/m/n on input line 54.
LaTeX Font Info:    ... okay on input line 54.
LaTeX Font Info:    Checking defaults for OT1/cmr/m/n on input line 54.
LaTeX Font Info:    ... okay on input line 54.
LaTeX Font Info:    Checking defaults for OMS/cmsy/m/n on input line 54.
LaTeX Font Info:    ... okay on input line 54.
LaTeX Font Info:    Checking defaults for OMX/cmex/m/n on input line 54.
LaTeX Font Info:    ... okay on input line 54.
LaTeX Font Info:    Checking defaults for U/cmr/m/n on input line 54.
LaTeX Font Info:    ... okay on input line 54.
LaTeX Font Info:    Checking defaults for TS1/cmr/m/n on input line 54.
LaTeX Font Info:    Try loading font information for TS1+cmr on input line 54.

(/opt/local/share/texmf-dist/tex/latex/base/ts1cmr.fd
File: ts1cmr.fd 1999/05/25 v2.5h Standard LaTeX font definitions
)
LaTeX Font Info:    ... okay on input line 54.
LaTeX Font Info:    Try loading font information for T1+tahoma on input line 54
.
 (./t1tahoma.fd
File: T1tahoma.fd 2006/01/21 Fontinst v1.926 font definitions for T1/tahoma.
)
(/opt/local/share/texmf-dist/tex/context/base/supp-pdf.tex
[Loading MPS to PDF converter (version 2006.09.02).]
\scratchcounter=\count112
\scratchdimen=\dimen106
\scratchbox=\box36
\nofMPsegments=\count113
\nofMParguments=\count114
\MPscratchCnt=\count115
\MPscratchDim=\dimen107
\MPnumerator=\count116
\everyMPtoPDFconversion=\toks19
)
LaTeX Font Info:    Font shape `T1/tahoma/bx/n' in size <24.88> not available
(Font)              Font shape `T1/tahoma/b/n' tried instead on input line 56.
LaTeX Font Info:    Font shape `T1/tahoma/bx/n' in size <61.92> not available
(Font)              Font shape `T1/tahoma/b/n' tried instead on input line 56.
LaTeX Font Info:    Font shape `T1/tahoma/bx/n' in size <43> not available
(Font)              Font shape `T1/tahoma/b/n' tried instead on input line 56.
LaTeX Font Info:    External font `cmex7' loaded for size
(Font)              <6> on input line 59.
LaTeX Font Info:    Font shape `T1/tahoma/bx/n' in size <35.83> not available
(Font)              Font shape `T1/tahoma/b/n' tried instead on input line 63.
LaTeX Font Info:    Font shape `T1/tahoma/bx/n' in size <29.86> not available
(Font)              Font shape `T1/tahoma/b/n' tried instead on input line 67.
 <CECSframe.pdf, id=1, 3382.8181pt x 2392.65892pt>
File: CECSframe.pdf Graphic file (type pdf)
 <use CECSframe.pdf>
Overfull \hbox (2.05324pt too wide) in paragraph at lines 269--269
[][] 
 []

<earthmoon_nasa_big.jpg, id=2, 2062.70625pt x 861.2175pt>
File: earthmoon_nasa_big.jpg Graphic file (type jpg)

<use earthmoon_nasa_big.jpg> [1


Non-PDF special ignored!
Non-PDF special ignored! <./CECSframe.pdf> <./earthmoon_nasa_big.jpg>]
(./CECSposter.aux) ) 
Here is how much of TeX's memory you used:
 3257 strings out of 94073
 44748 string characters out of 1164798
 127127 words of memory out of 1500000
 6524 multiletter control sequences out of 10000+50000
 47115 words of font info for 75 fonts, out of 1200000 for 2000
 645 hyphenation exceptions out of 8191
 30i,16n,37p,343b,417s stack positions out of 5000i,500n,6000p,200000b,5000s
{/opt/local/share/texmf-dist/fonts/enc/dvips/base/tex256.en
c}<tahoma.ttf><tahomabd.ttf></opt/local/share/texmf-dist/fonts/type1/bluesky/cm
/cmex10.pfb></opt/local/share/texmf-dist/fonts/type1/bluesky/cm/cmmi12.pfb></op
t/local/share/texmf-dist/fonts/type1/bluesky/cm/cmr17.pfb></opt/local/share/tex
mf-dist/fonts/type1/bluesky/cm/cmsy10.pfb>
Output written on CECSposter.pdf (1 page, 154612 bytes).
PDF statistics:
 41 PDF objects out of 1000 (max. 8388607)
 0 named destinations out of 1000 (max. 131072)
 11 words of extra memory for PDF output out of 10000 (max. 10000000)

